[2026-07-10T07:11:36.566Z] GET http://localhost:3050/ → 200 (235ms, 7635B)
[2026-07-10T07:11:36.812Z] GET http://localhost:3050/_next/static/css/app/layout.css?v=1783667496614 → 200 (11ms, 10707B)
[2026-07-10T07:11:36.812Z] GET http://localhost:3050/_next/static/css/app/page.css?v=1783667496614 → 200 (11ms, 5833B)
[2026-07-10T07:11:36.812Z] GET http://localhost:3050/_next/static/chunks/webpack.js?v=1783667496614 → 200 (152ms, 10547B)
[2026-07-10T07:11:36.812Z] GET http://localhost:3050/_next/static/chunks/main-app.js?v=1783667496614 → 200 (332ms, 1344024B)
[2026-07-10T07:11:36.812Z] GET http://localhost:3050/_next/static/chunks/app-pages-internals.js → 200 (157ms, 31561B)
[2026-07-10T07:11:36.812Z] GET http://localhost:3050/_next/static/chunks/app/page.js → 200 (168ms, 375332B)
[2026-07-10T07:11:36.813Z] GET http://localhost:3050/_next/static/chunks/app/layout.js → 200 (166ms, 117207B)
[2026-07-10T07:11:36.813Z] GET http://localhost:3050/_next/static/chunks/app/error.js → 200 (159ms, 38670B)
[2026-07-10T07:11:36.813Z] GET http://localhost:3050/_next/static/chunks/app/not-found.js → 200 (160ms, 43578B)
[2026-07-10T07:11:36.955Z] GET http://localhost:3050/_next/static/media/e4af272ccee01ff0-s.p.woff2 → 200 (31ms, 48432B)
[2026-07-10T07:11:36.955Z] GET http://localhost:3050/_next/static/media/4c9affa5bc8f420e-s.p.woff2 → 200 (34ms, 24576B)
[2026-07-10T07:11:36.956Z] GET http://localhost:3050/_next/static/media/cc978ac5ee68c2b6-s.p.woff2 → 200 (36ms, 15240B)
[2026-07-10T07:11:36.956Z] GET http://localhost:3050/_next/static/media/8e9860b6e62d6359-s.p.woff2 → 200 (43ms, 85272B)
[2026-07-10T07:11:37.503Z] GET http://localhost:3050/api/auth/me → pending (?ms, ?B)
[2026-07-10T07:11:37.503Z] GET http://localhost:3050/api/auth/me → pending (?ms, ?B)
[2026-07-10T07:11:37.537Z] GET http://localhost:3050/_next/static/media/dd6882093c4b0f08-s.p.woff2 → 200 (33ms, 23420B)
[2026-07-10T07:11:37.537Z] GET http://localhost:3050/_next/static/media/d2669b43d4ac1bc8-s.p.woff2 → 200 (33ms, 12772B)
[2026-07-10T07:11:37.568Z] GET http://localhost:3050/api/listings? → 200 (781ms, 5956B)
[2026-07-10T07:11:37.569Z] GET http://localhost:3050/api/listings? → 200 (726ms, 5956B)
[2026-07-10T07:11:38.380Z] GET https://images.unsplash.com/photo-1523217582562-09d0def993a6?auto=format&fit=crop&w=1200&q=75 → pending (?ms, ?B)
[2026-07-10T07:11:38.380Z] GET https://images.unsplash.com/photo-1449158743715-0a90ebb6d2d8?auto=format&fit=crop&w=1200&q=75 → pending (?ms, ?B)
[2026-07-10T07:11:38.380Z] GET https://images.unsplash.com/photo-1441974231531-c6227db76b6e?auto=format&fit=crop&w=1200&q=75 → pending (?ms, ?B)
[2026-07-10T07:11:38.380Z] GET https://images.unsplash.com/photo-1512917774080-9991f1c4c750?auto=format&fit=crop&w=1200&q=75 → pending (?ms, ?B)
[2026-07-10T07:11:38.380Z] GET https://images.unsplash.com/photo-1499793983690-e29da59ef1c2?auto=format&fit=crop&w=1200&q=75 → pending (?ms, ?B)
[2026-07-10T07:11:38.380Z] GET https://images.unsplash.com/photo-1613977257363-707ba9348227?auto=format&fit=crop&w=1200&q=75 → pending (?ms, ?B)
[2026-07-10T07:11:38.381Z] GET https://images.unsplash.com/photo-1464226184884-fa280b87c399?auto=format&fit=crop&w=1200&q=75 → pending (?ms, ?B)
[2026-07-10T07:11:38.381Z] GET https://images.unsplash.com/photo-1520250497591-112f2f40a3f4?auto=format&fit=crop&w=1200&q=75 → pending (?ms, ?B)
[2026-07-10T07:11:38.381Z] GET https://images.unsplash.com/photo-1518780664697-55e3ad937233?auto=format&fit=crop&w=1200&q=75 → pending (?ms, ?B)
[2026-07-10T07:11:38.381Z] GET https://images.unsplash.com/photo-1506905925346-21bda4d32df4?auto=format&fit=crop&w=1200&q=75 → pending (?ms, ?B)
[2026-07-10T07:11:38.382Z] GET https://images.unsplash.com/photo-1613490493576-7fde63acd811?auto=format&fit=crop&w=1200&q=75 → pending (?ms, ?B)
[2026-07-10T07:11:38.382Z] GET https://images.unsplash.com/photo-1587061949409-02df41d5e562?auto=format&fit=crop&w=1200&q=75 → pending (?ms, ?B)
[2026-07-10T07:11:38.382Z] GET https://images.unsplash.com/photo-1470770841072-f978cf4d019e?auto=format&fit=crop&w=1200&q=75 → pending (?ms, ?B)
[2026-07-10T07:11:38.382Z] GET https://images.unsplash.com/photo-1564013799919-ab600027ffc6?auto=format&fit=crop&w=1200&q=75 → pending (?ms, ?B)
